<?xml version="1.0" encoding="UTF-8"?>
<!-- Generated by org.testng.reporters.JUnitXMLReporter -->
<testsuite ignored="0" hostname="LAPTOP-N2GHRU3U" failures="0" tests="7" name="Test" time="0.033" errors="0" timestamp="05 Apr 2021 04:00:50 GMT">
  <testcase classname="qaEndToEndDummyFramework.webAutomation" name="seleniumWebTesting" time="0.007"/>
  <testcase classname="qaEndToEndDummyFramework.webAutomation" name="webTesting" time="0.001"/>
  <testcase classname="qaEndToEndDummyFramework.MobileTesting" name="androidTesting" time="0.001"/>
  <testcase classname="qaEndToEndDummyFramework.MobileTesting" name="iOSTesting" time="0.001"/>
  <testcase classname="qaEndToEndDummyFramework.APITesting" name="deleteAPI" time="0.0"/>
  <testcase classname="qaEndToEndDummyFramework.APITesting" name="getAPI" time="0.001"/>
  <testcase classname="qaEndToEndDummyFramework.APITesting" name="postAPI" time="0.001"/>
</testsuite> <!-- Test -->
