<?xml version="1.0" encoding="UTF-8"?>
<testng-results ignored="0" total="7" passed="7" failed="0" skipped="0">
  <reporter-output>
  </reporter-output>
  <suite started-at="2021-04-05T04:00:50Z" name="Suite" finished-at="2021-04-05T04:00:50Z" duration-ms="33">
    <groups>
    </groups>
    <test started-at="2021-04-05T04:00:50Z" name="Test" finished-at="2021-04-05T04:00:50Z" duration-ms="33">
      <class name="qaEndToEndDummyFramework.webAutomation">
        <test-method signature="seleniumWebTesting()[pri:0, instance:qaEndToEndDummyFramework.webAutomation@44a59da3]" started-at="2021-04-05T09:30:50Z" name="seleniumWebTesting" finished-at="2021-04-05T09:30:50Z" duration-ms="7" status="PASS">
          <reporter-output>
          </reporter-output>
        </test-method> <!-- seleniumWebTesting -->
        <test-method signature="webTesting()[pri:0, instance:qaEndToEndDummyFramework.webAutomation@44a59da3]" started-at="2021-04-05T09:30:50Z" name="webTesting" finished-at="2021-04-05T09:30:50Z" duration-ms="1" status="PASS">
          <reporter-output>
          </reporter-output>
        </test-method> <!-- webTesting -->
      </class> <!-- qaEndToEndDummyFramework.webAutomation -->
      <class name="qaEndToEndDummyFramework.MobileTesting">
        <test-method signature="androidTesting()[pri:0, instance:qaEndToEndDummyFramework.MobileTesting@4f704591]" started-at="2021-04-05T09:30:50Z" name="androidTesting" finished-at="2021-04-05T09:30:50Z" duration-ms="1" status="PASS">
          <reporter-output>
          </reporter-output>
        </test-method> <!-- androidTesting -->
        <test-method signature="iOSTesting()[pri:0, instance:qaEndToEndDummyFramework.MobileTesting@4f704591]" started-at="2021-04-05T09:30:50Z" name="iOSTesting" finished-at="2021-04-05T09:30:50Z" duration-ms="1" status="PASS">
          <reporter-output>
          </reporter-output>
        </test-method> <!-- iOSTesting -->
      </class> <!-- qaEndToEndDummyFramework.MobileTesting -->
      <class name="qaEndToEndDummyFramework.APITesting">
        <test-method signature="deleteAPI()[pri:0, instance:qaEndToEndDummyFramework.APITesting@4b5189ac]" started-at="2021-04-05T09:30:50Z" name="deleteAPI" finished-at="2021-04-05T09:30:50Z" duration-ms="0" status="PASS">
          <reporter-output>
          </reporter-output>
        </test-method> <!-- deleteAPI -->
        <test-method signature="getAPI()[pri:0, instance:qaEndToEndDummyFramework.APITesting@4b5189ac]" started-at="2021-04-05T09:30:50Z" name="getAPI" finished-at="2021-04-05T09:30:50Z" duration-ms="1" status="PASS">
          <reporter-output>
          </reporter-output>
        </test-method> <!-- getAPI -->
        <test-method signature="postAPI()[pri:0, instance:qaEndToEndDummyFramework.APITesting@4b5189ac]" started-at="2021-04-05T09:30:50Z" name="postAPI" finished-at="2021-04-05T09:30:50Z" duration-ms="1" status="PASS">
          <reporter-output>
          </reporter-output>
        </test-method> <!-- postAPI -->
      </class> <!-- qaEndToEndDummyFramework.APITesting -->
    </test> <!-- Test -->
  </suite> <!-- Suite -->
</testng-results>
